<?xml version="1.0" encoding="UTF-8"?>
<!-- Generated by org.testng.reporters.JUnitReportReporter -->
<testsuite skipped="0" hostname="DESKTOP-DC5R40U" name="TalentTek.TTechPutPatchTest" tests="2" failures="0" timestamp="2021-03-14T19:20:50 EDT" time="0.179" errors="0">
  <testcase name="studentLogin" time="0.103" classname="TalentTek.TTechPutPatchTest"/>
  <system-out/>
  <testcase name="studentPutTTech" time="0.076" classname="TalentTek.TTechPutPatchTest"/>
  <system-out/>
</testsuite> <!-- TalentTek.TTechPutPatchTest -->
