<?xml version="1.0" encoding="UTF-8"?>
<!-- Generated by org.testng.reporters.JUnitReportReporter -->
<testsuite skipped="0" hostname="DESKTOP-DC5R40U" name="TalentTek.TTechPostGetTest" tests="2" failures="0" timestamp="2021-03-15T20:31:15 EDT" time="1.810" errors="0">
  <testcase name="signUpTTech" time="1.696" classname="TalentTek.TTechPostGetTest"/>
  <system-out/>
  <testcase name="getStudentInfo" time="0.114" classname="TalentTek.TTechPostGetTest"/>
  <system-out/>
</testsuite> <!-- TalentTek.TTechPostGetTest -->
