<?xml version="1.0" encoding="UTF-8"?>
<!-- Generated by org.testng.reporters.JUnitReportReporter -->
<testsuite skipped="0" hostname="DESKTOP-DC5R40U" name="TalentTek.TTechPostGetTest" tests="2" failures="0" timestamp="2021-03-14T19:20:50 EDT" time="1.853" errors="0">
  <testcase name="getStudentInfo" time="0.097" classname="TalentTek.TTechPostGetTest"/>
  <system-out/>
  <testcase name="signUpTTech" time="1.756" classname="TalentTek.TTechPostGetTest"/>
  <system-out/>
</testsuite> <!-- TalentTek.TTechPostGetTest -->
